d:\facultate\anul iii - sem1\egc\gabriel_comisaru_tema1\gabriel_comisaru_tema1\gfx-framework-master zip to hw\build\gfxframework.dir\debug\vc143.pdb
d:\facultate\anul iii - sem1\egc\gabriel_comisaru_tema1\gabriel_comisaru_tema1\gfx-framework-master zip to hw\build\gfxframework.dir\debug\text_utils.obj
d:\facultate\anul iii - sem1\egc\gabriel_comisaru_tema1\gabriel_comisaru_tema1\gfx-framework-master zip to hw\build\gfxframework.dir\debug\gl_utils.obj
d:\facultate\anul iii - sem1\egc\gabriel_comisaru_tema1\gabriel_comisaru_tema1\gfx-framework-master zip to hw\build\gfxframework.dir\debug\main.obj
d:\facultate\anul iii - sem1\egc\gabriel_comisaru_tema1\gabriel_comisaru_tema1\gfx-framework-master zip to hw\build\gfxframework.dir\debug\world.obj
d:\facultate\anul iii - sem1\egc\gabriel_comisaru_tema1\gabriel_comisaru_tema1\gfx-framework-master zip to hw\build\gfxframework.dir\debug\window_object.obj
d:\facultate\anul iii - sem1\egc\gabriel_comisaru_tema1\gabriel_comisaru_tema1\gfx-framework-master zip to hw\build\gfxframework.dir\debug\window_callbacks.obj
d:\facultate\anul iii - sem1\egc\gabriel_comisaru_tema1\gabriel_comisaru_tema1\gfx-framework-master zip to hw\build\gfxframework.dir\debug\input_controller.obj
d:\facultate\anul iii - sem1\egc\gabriel_comisaru_tema1\gabriel_comisaru_tema1\gfx-framework-master zip to hw\build\gfxframework.dir\debug\texture_manager.obj
d:\facultate\anul iii - sem1\egc\gabriel_comisaru_tema1\gabriel_comisaru_tema1\gfx-framework-master zip to hw\build\gfxframework.dir\debug\texture2d.obj
d:\facultate\anul iii - sem1\egc\gabriel_comisaru_tema1\gabriel_comisaru_tema1\gfx-framework-master zip to hw\build\gfxframework.dir\debug\shader.obj
d:\facultate\anul iii - sem1\egc\gabriel_comisaru_tema1\gabriel_comisaru_tema1\gfx-framework-master zip to hw\build\gfxframework.dir\debug\mesh.obj
d:\facultate\anul iii - sem1\egc\gabriel_comisaru_tema1\gabriel_comisaru_tema1\gfx-framework-master zip to hw\build\gfxframework.dir\debug\gpu_buffers.obj
d:\facultate\anul iii - sem1\egc\gabriel_comisaru_tema1\gabriel_comisaru_tema1\gfx-framework-master zip to hw\build\gfxframework.dir\debug\frame_buffer.obj
d:\facultate\anul iii - sem1\egc\gabriel_comisaru_tema1\gabriel_comisaru_tema1\gfx-framework-master zip to hw\build\gfxframework.dir\debug\engine.obj
d:\facultate\anul iii - sem1\egc\gabriel_comisaru_tema1\gabriel_comisaru_tema1\gfx-framework-master zip to hw\build\gfxframework.dir\debug\text_renderer.obj
d:\facultate\anul iii - sem1\egc\gabriel_comisaru_tema1\gabriel_comisaru_tema1\gfx-framework-master zip to hw\build\gfxframework.dir\debug\simple_scene.obj
d:\facultate\anul iii - sem1\egc\gabriel_comisaru_tema1\gabriel_comisaru_tema1\gfx-framework-master zip to hw\build\gfxframework.dir\debug\scene_input.obj
d:\facultate\anul iii - sem1\egc\gabriel_comisaru_tema1\gabriel_comisaru_tema1\gfx-framework-master zip to hw\build\gfxframework.dir\debug\camera_input.obj
d:\facultate\anul iii - sem1\egc\gabriel_comisaru_tema1\gabriel_comisaru_tema1\gfx-framework-master zip to hw\build\gfxframework.dir\debug\tema1.obj
d:\facultate\anul iii - sem1\egc\gabriel_comisaru_tema1\gabriel_comisaru_tema1\gfx-framework-master zip to hw\build\gfxframework.dir\debug\object2d.obj
d:\facultate\anul iii - sem1\egc\gfx-framework-master\build\cmakefiles\generate.stamp
d:\facultate\anul iii - sem1\egc\gfx-framework-master\build\debug\gfxframework.lib
d:\facultate\anul iii - sem1\egc\gfx-framework-master\build\debug\gfxframework.exp
d:\facultate\anul iii - sem1\egc\gfx-framework-master\build\bin\debug\gfxframework.exe
d:\facultate\anul iii - sem1\egc\gabriel_comisaru_tema1\gabriel_comisaru_tema1\gfx-framework-master zip to hw\build\gfxframework.dir\debug\gfxframework.ilk
d:\facultate\anul iii - sem1\egc\gfx-framework-master\build\bin\debug\gfxframework.pdb
d:\facultate\anul iii - sem1\egc\gabriel_comisaru_tema1\gabriel_comisaru_tema1\gfx-framework-master zip to hw\build\gfxframework.dir\debug\gfxframework.tlog\cl.command.1.tlog
d:\facultate\anul iii - sem1\egc\gabriel_comisaru_tema1\gabriel_comisaru_tema1\gfx-framework-master zip to hw\build\gfxframework.dir\debug\gfxframework.tlog\cl.items.tlog
d:\facultate\anul iii - sem1\egc\gabriel_comisaru_tema1\gabriel_comisaru_tema1\gfx-framework-master zip to hw\build\gfxframework.dir\debug\gfxframework.tlog\cl.read.1.tlog
d:\facultate\anul iii - sem1\egc\gabriel_comisaru_tema1\gabriel_comisaru_tema1\gfx-framework-master zip to hw\build\gfxframework.dir\debug\gfxframework.tlog\cl.write.1.tlog
d:\facultate\anul iii - sem1\egc\gabriel_comisaru_tema1\gabriel_comisaru_tema1\gfx-framework-master zip to hw\build\gfxframework.dir\debug\gfxframework.tlog\custombuild.command.1.tlog
d:\facultate\anul iii - sem1\egc\gabriel_comisaru_tema1\gabriel_comisaru_tema1\gfx-framework-master zip to hw\build\gfxframework.dir\debug\gfxframework.tlog\custombuild.read.1.tlog
d:\facultate\anul iii - sem1\egc\gabriel_comisaru_tema1\gabriel_comisaru_tema1\gfx-framework-master zip to hw\build\gfxframework.dir\debug\gfxframework.tlog\custombuild.write.1.tlog
d:\facultate\anul iii - sem1\egc\gabriel_comisaru_tema1\gabriel_comisaru_tema1\gfx-framework-master zip to hw\build\gfxframework.dir\debug\gfxframework.tlog\link.command.1.tlog
d:\facultate\anul iii - sem1\egc\gabriel_comisaru_tema1\gabriel_comisaru_tema1\gfx-framework-master zip to hw\build\gfxframework.dir\debug\gfxframework.tlog\link.read.1.tlog
d:\facultate\anul iii - sem1\egc\gabriel_comisaru_tema1\gabriel_comisaru_tema1\gfx-framework-master zip to hw\build\gfxframework.dir\debug\gfxframework.tlog\link.write.1.tlog
d:\facultate\anul iii - sem1\egc\gabriel_comisaru_tema1\gabriel_comisaru_tema1\gfx-framework-master zip to hw\build\gfxframework.dir\debug\gfxframework.tlog\link.write.2u.tlog
